SF:lib\domain\entities\note.dart
DA:9,6
DA:16,6
DA:19,10
DA:21,2
DA:22,8
LF:5
LH:5
end_of_record
SF:lib\ui\controllers\note_controller.dart
DA:10,2
DA:12,2
DA:14,2
DA:15,2
DA:18,2
DA:19,4
DA:20,4
DA:21,8
DA:22,4
DA:25,2
DA:26,4
DA:27,2
DA:28,0
DA:29,0
DA:30,6
DA:34,2
DA:36,4
DA:37,2
DA:38,0
DA:39,4
DA:40,8
DA:44,2
DA:46,4
DA:47,2
DA:48,0
DA:49,2
DA:50,10
DA:51,4
DA:52,4
LF:29
LH:25
end_of_record
SF:lib\data\models\note.model.dart
DA:9,2
DA:11,2
DA:12,2
DA:13,2
DA:14,2
DA:15,2
DA:19,2
DA:20,2
DA:21,2
DA:22,2
DA:23,2
DA:34,10
DA:36,2
DA:37,8
LF:14
LH:14
end_of_record
